kotlin version: 2.0.21
error message: org.jetbrains.kotlin.backend.common.BackendException: Backend Internal error: Exception during IR lowering
File being compiled: C:/Users/Adiva/AndroidStudioProjects/Ecommerce/Cinemax/wishlistfeature/src/main/java/com/example/wishlistfeature/wishlist/WishlistRoute.kt
The root cause java.lang.RuntimeException was thrown at: org.jetbrains.kotlin.backend.jvm.codegen.FunctionCodegen.generate(FunctionCodegen.kt:47)
	at org.jetbrains.kotlin.backend.common.CodegenUtil.reportBackendException(CodegenUtil.kt:253)
	at org.jetbrains.kotlin.backend.common.CodegenUtil.reportBackendException$default(CodegenUtil.kt:236)
	at org.jetbrains.kotlin.backend.common.phaser.PerformByIrFilePhase.invokeSequential(performByIrFile.kt:65)
	at org.jetbrains.kotlin.backend.common.phaser.PerformByIrFilePhase.invoke(performByIrFile.kt:52)
	at org.jetbrains.kotlin.backend.common.phaser.PerformByIrFilePhase.invoke(performByIrFile.kt:38)
	at org.jetbrains.kotlin.backend.common.phaser.NamedCompilerPhase.phaseBody(CompilerPhase.kt:166)
	at org.jetbrains.kotlin.backend.common.phaser.AbstractNamedCompilerPhase.invoke(CompilerPhase.kt:113)
	at org.jetbrains.kotlin.backend.common.phaser.CompositePhase.invoke(PhaseBuilders.kt:27)
	at org.jetbrains.kotlin.backend.common.phaser.CompositePhase.invoke(PhaseBuilders.kt:14)
	at org.jetbrains.kotlin.backend.common.phaser.NamedCompilerPhase.phaseBody(CompilerPhase.kt:166)
	at org.jetbrains.kotlin.backend.common.phaser.AbstractNamedCompilerPhase.invoke(CompilerPhase.kt:113)
	at org.jetbrains.kotlin.backend.common.phaser.CompilerPhaseKt.invokeToplevel(CompilerPhase.kt:62)
	at org.jetbrains.kotlin.backend.jvm.JvmIrCodegenFactory.invokeCodegen(JvmIrCodegenFactory.kt:371)
	at org.jetbrains.kotlin.codegen.CodegenFactory.generateModule(CodegenFactory.kt:47)
	at org.jetbrains.kotlin.backend.jvm.JvmIrCodegenFactory.generateModuleInFrontendIRMode(JvmIrCodegenFactory.kt:433)
	at org.jetbrains.kotlin.cli.jvm.compiler.pipeline.JvmCompilerPipelineKt.generateCodeFromIr(jvmCompilerPipeline.kt:246)
	at org.jetbrains.kotlin.cli.jvm.compiler.pipeline.JvmCompilerPipelineKt.compileModulesUsingFrontendIrAndLightTree(jvmCompilerPipeline.kt:142)
	at org.jetbrains.kotlin.cli.jvm.K2JVMCompiler.doExecute(K2JVMCompiler.kt:148)
	at org.jetbrains.kotlin.cli.jvm.K2JVMCompiler.doExecute(K2JVMCompiler.kt:43)
	at org.jetbrains.kotlin.cli.common.CLICompiler.execImpl(CLICompiler.kt:103)
	at org.jetbrains.kotlin.cli.common.CLICompiler.execImpl(CLICompiler.kt:49)
	at org.jetbrains.kotlin.cli.common.CLITool.exec(CLITool.kt:101)
	at org.jetbrains.kotlin.incremental.IncrementalJvmCompilerRunner.runCompiler(IncrementalJvmCompilerRunner.kt:464)
	at org.jetbrains.kotlin.incremental.IncrementalJvmCompilerRunner.runCompiler(IncrementalJvmCompilerRunner.kt:73)
	at org.jetbrains.kotlin.incremental.IncrementalCompilerRunner.doCompile(IncrementalCompilerRunner.kt:506)
	at org.jetbrains.kotlin.incremental.IncrementalCompilerRunner.compileImpl(IncrementalCompilerRunner.kt:423)
	at org.jetbrains.kotlin.incremental.IncrementalCompilerRunner.compileNonIncrementally(IncrementalCompilerRunner.kt:301)
	at org.jetbrains.kotlin.incremental.IncrementalCompilerRunner.compile(IncrementalCompilerRunner.kt:129)
	at org.jetbrains.kotlin.daemon.CompileServiceImplBase.execIncrementalCompiler(CompileServiceImpl.kt:675)
	at org.jetbrains.kotlin.daemon.CompileServiceImplBase.access$execIncrementalCompiler(CompileServiceImpl.kt:92)
	at org.jetbrains.kotlin.daemon.CompileServiceImpl.compile(CompileServiceImpl.kt:1660)
	at java.base/jdk.internal.reflect.DirectMethodHandleAccessor.invoke(Unknown Source)
	at java.base/java.lang.reflect.Method.invoke(Unknown Source)
	at java.rmi/sun.rmi.server.UnicastServerRef.dispatch(Unknown Source)
	at java.rmi/sun.rmi.transport.Transport$1.run(Unknown Source)
	at java.rmi/sun.rmi.transport.Transport$1.run(Unknown Source)
	at java.base/java.security.AccessController.doPrivileged(Unknown Source)
	at java.rmi/sun.rmi.transport.Transport.serviceCall(Unknown Source)
	at java.rmi/sun.rmi.transport.tcp.TCPTransport.handleMessages(Unknown Source)
	at java.rmi/sun.rmi.transport.tcp.TCPTransport$ConnectionHandler.run0(Unknown Source)
	at java.rmi/sun.rmi.transport.tcp.TCPTransport$ConnectionHandler.lambda$run$0(Unknown Source)
	at java.base/java.security.AccessController.doPrivileged(Unknown Source)
	at java.rmi/sun.rmi.transport.tcp.TCPTransport$ConnectionHandler.run(Unknown Source)
	at java.base/java.util.concurrent.ThreadPoolExecutor.runWorker(Unknown Source)
	at java.base/java.util.concurrent.ThreadPoolExecutor$Worker.run(Unknown Source)
	at java.base/java.lang.Thread.run(Unknown Source)
Caused by: java.lang.RuntimeException: Exception while generating code for:
FUN name:WishlistRoute visibility:public modality:FINAL <> (onMovieClick:kotlin.Function1<kotlin.Int, kotlin.Unit>, viewModel:com.example.wishlistfeature.wishlist.WishlistViewModel) returnType:kotlin.Unit
  annotations:
    Composable
  VALUE_PARAMETER name:onMovieClick index:0 type:kotlin.Function1<kotlin.Int, kotlin.Unit>
  VALUE_PARAMETER name:viewModel index:1 type:com.example.wishlistfeature.wishlist.WishlistViewModel
    EXPRESSION_BODY
      ERROR_EXPR 'Default Stub' type=com.example.wishlistfeature.wishlist.WishlistViewModel
  BLOCK_BODY
    VAR PROPERTY_DELEGATE name:uiState$delegate type:androidx.compose.runtime.State<com.example.wishlistfeature.wishlist.WishlistUiState> [val]
      TYPE_OP type=androidx.compose.runtime.State<com.example.wishlistfeature.wishlist.WishlistUiState> origin=IMPLICIT_CAST typeOperand=androidx.compose.runtime.State<com.example.wishlistfeature.wishlist.WishlistUiState>
        CALL 'public final fun collectAsStateWithLifecycle$default <T> (lifecycleOwner: androidx.lifecycle.LifecycleOwner?, minActiveState: androidx.lifecycle.Lifecycle.State?, context: kotlin.coroutines.CoroutineContext?, $mask0: kotlin.Int, $handler: kotlin.Any?): androidx.compose.runtime.State<T of androidx.lifecycle.compose.FlowExtKt.collectAsStateWithLifecycle$default> declared in androidx.lifecycle.compose.FlowExtKt' type=androidx.compose.runtime.State<T of androidx.lifecycle.compose.FlowExtKt.collectAsStateWithLifecycle$default> origin=DEFAULT_DISPATCH_CALL
          <T>: com.example.wishlistfeature.wishlist.WishlistUiState
          $receiver: CALL 'public final fun <get-uiState> (): kotlinx.coroutines.flow.StateFlow<com.example.wishlistfeature.wishlist.WishlistUiState> declared in com.example.wishlistfeature.wishlist.WishlistViewModel' type=kotlinx.coroutines.flow.StateFlow<com.example.wishlistfeature.wishlist.WishlistUiState> origin=GET_PROPERTY
            $this: GET_VAR 'viewModel: com.example.wishlistfeature.wishlist.WishlistViewModel declared in com.example.wishlistfeature.wishlist.WishlistRouteKt.WishlistRoute' type=com.example.wishlistfeature.wishlist.WishlistViewModel origin=null
          lifecycleOwner: COMPOSITE type=androidx.lifecycle.LifecycleOwner? origin=DEFAULT_VALUE
            CONST Null type=androidx.lifecycle.LifecycleOwner? value=null
          minActiveState: COMPOSITE type=androidx.lifecycle.Lifecycle.State? origin=DEFAULT_VALUE
            CONST Null type=androidx.lifecycle.Lifecycle.State? value=null
          context: COMPOSITE type=kotlin.coroutines.CoroutineContext? origin=DEFAULT_VALUE
            CONST Null type=kotlin.coroutines.CoroutineContext? value=null
          $mask0: CONST Int type=kotlin.Int value=7
          $handler: CONST Null type=kotlin.Any? value=null
    VAR name:snackBarHostState type:androidx.compose.material3.SnackbarHostState [val]
      CALL 'public final fun remember <T> (calculation: @[DisallowComposableCalls] kotlin.Function0<T of androidx.compose.runtime.ComposablesKt.remember>): T of androidx.compose.runtime.ComposablesKt.remember [inline] declared in androidx.compose.runtime.ComposablesKt' type=androidx.compose.material3.SnackbarHostState origin=null
        <T>: androidx.compose.material3.SnackbarHostState
        calculation: BLOCK type=kotlin.Function0<androidx.compose.material3.SnackbarHostState> origin=LAMBDA
          COMPOSITE type=kotlin.Unit origin=null
          FUNCTION_REFERENCE 'private final fun WishlistRoute$lambda$1 (): androidx.compose.material3.SnackbarHostState declared in com.example.wishlistfeature.wishlist.WishlistRouteKt' type=kotlin.Function0<androidx.compose.material3.SnackbarHostState> origin=INLINE_LAMBDA reflectionTarget=null
    VAR name:context type:android.content.Context [val]
      CALL 'public final fun <get-current> (): T of androidx.compose.runtime.CompositionLocal [inline] declared in androidx.compose.runtime.CompositionLocal' type=android.content.Context origin=GET_PROPERTY
        $this: TYPE_OP type=androidx.compose.runtime.CompositionLocal<T of androidx.compose.runtime.CompositionLocal> origin=IMPLICIT_CAST typeOperand=androidx.compose.runtime.CompositionLocal<T of androidx.compose.runtime.CompositionLocal>
          CALL 'public final fun <get-LocalContext> (): androidx.compose.runtime.ProvidableCompositionLocal<android.content.Context> declared in androidx.compose.ui.platform.AndroidCompositionLocals_androidKt' type=androidx.compose.runtime.ProvidableCompositionLocal<android.content.Context> origin=GET_PROPERTY
    CALL 'public final fun LaunchedEffect (key1: kotlin.Any?, block: @[ExtensionFunctionType] kotlin.coroutines.SuspendFunction1<kotlinx.coroutines.CoroutineScope, kotlin.Unit>): kotlin.Unit declared in androidx.compose.runtime.EffectsKt' type=kotlin.Unit origin=null
      key1: GET_FIELD 'FIELD FIELD_FOR_OBJECT_INSTANCE name:INSTANCE type:kotlin.Unit visibility:public [final,static] declared in kotlin.Unit' type=kotlin.Unit origin=null
      block: BLOCK type=com.example.wishlistfeature.wishlist.WishlistRouteKt.WishlistRoute.<no name provided> origin=null
        CLASS SUSPEND_LAMBDA CLASS name:<no name provided> modality:FINAL visibility:public/*package*/ superTypes:[kotlin.coroutines.jvm.internal.SuspendLambda; kotlin.jvm.functions.Function2<kotlinx.coroutines.CoroutineScope, kotlin.coroutines.Continuation<kotlin.Unit>?, kotlin.Any?>]
          $this: VALUE_PARAMETER INSTANCE_RECEIVER name:<this> type:com.example.wishlistfeature.wishlist.WishlistRouteKt.WishlistRoute.<no name provided>
          FIELD name:label type:kotlin.Int visibility:public/*package*/
          CONSTRUCTOR SUSPEND_LAMBDA visibility:public/*package*/ <> ($viewModel:com.example.wishlistfeature.wishlist.WishlistViewModel, $context:android.content.Context, $snackBarHostState:androidx.compose.material3.SnackbarHostState, $completion:kotlin.coroutines.Continuation<com.example.wishlistfeature.wishlist.WishlistRouteKt.WishlistRoute.<no name provided>>?) returnType:com.example.wishlistfeature.wishlist.WishlistRouteKt.WishlistRoute.<no name provided> [primary]
            VALUE_PARAMETER BOUND_VALUE_PARAMETER name:$viewModel index:0 type:com.example.wishlistfeature.wishlist.WishlistViewModel
            VALUE_PARAMETER BOUND_VALUE_PARAMETER name:$context index:1 type:android.content.Context
            VALUE_PARAMETER BOUND_VALUE_PARAMETER name:$snackBarHostState index:2 type:androidx.compose.material3.SnackbarHostState
            VALUE_PARAMETER name:$completion index:3 type:kotlin.coroutines.Continuation<com.example.wishlistfeature.wishlist.WishlistRouteKt.WishlistRoute.<no name provided>>?
            BLOCK_BODY
              SET_FIELD 'FIELD FIELD_FOR_CAPTURED_VALUE name:$viewModel type:com.example.wishlistfeature.wishlist.WishlistViewModel visibility:public/*package*/ [final] declared in com.example.wishlistfeature.wishlist.WishlistRouteKt.WishlistRoute.<no name provided>' type=kotlin.Unit origin=INITIALIZER_OF_FIELD_FOR_CAPTURED_VALUE
                receiver: GET_VAR '<this>: com.example.wishlistfeature.wishlist.WishlistRouteKt.WishlistRoute.<no name provided> declared in com.example.wishlistfeature.wishlist.WishlistRouteKt.WishlistRoute.<no name provided>' type=com.example.wishlistfeature.wishlist.WishlistRouteKt.WishlistRoute.<no name provided> origin=null
                value: GET_VAR '$viewModel: com.example.wishlistfeature.wishlist.WishlistViewModel declared in com.example.wishlistfeature.wishlist.WishlistRouteKt.WishlistRoute.<no name provided>.<init>' type=com.example.wishlistfeature.wishlist.WishlistViewModel origin=null
              SET_FIELD 'FIELD FIELD_FOR_CAPTURED_VALUE name:$context type:android.content.Context visibility:public/*package*/ [final] declared in com.example.wishlistfeature.wishlist.WishlistRouteKt.WishlistRoute.<no name provided>' type=kotlin.Unit origin=INITIALIZER_OF_FIELD_FOR_CAPTURED_VALUE
                receiver: GET_VAR '<this>: com.example.wishlistfeature.wishlist.WishlistRouteKt.WishlistRoute.<no name provided> declared in com.example.wishlistfeature.wishlist.WishlistRouteKt.WishlistRoute.<no name provided>' type=com.example.wishlistfeature.wishlist.WishlistRouteKt.WishlistRoute.<no name provided> origin=null
                value: GET_VAR '$context: android.content.Context declared in com.example.wishlistfeature.wishlist.WishlistRouteKt.WishlistRoute.<no name provided>.<init>' type=android.content.Context origin=null
              SET_FIELD 'FIELD FIELD_FOR_CAPTURED_VALUE name:$snackBarHostState type:androidx.compose.material3.SnackbarHostState visibility:public/*package*/ [final] declared in com.example.wishlistfeature.wishlist.WishlistRouteKt.WishlistRoute.<no name provided>' type=kotlin.Unit origin=INITIALIZER_OF_FIELD_FOR_CAPTURED_VALUE
                receiver: GET_VAR '<this>: com.example.wishlistfeature.wishlist.WishlistRouteKt.WishlistRoute.<no name provided> declared in com.example.wishlistfeature.wishlist.WishlistRouteKt.WishlistRoute.<no name provided>' type=com.example.wishlistfeature.wishlist.WishlistRouteKt.WishlistRoute.<no name provided> origin=null
                value: GET_VAR '$snackBarHostState: androidx.compose.material3.SnackbarHostState declared in com.example.wishlistfeature.wishlist.WishlistRouteKt.WishlistRoute.<no name provided>.<init>' type=androidx.compose.material3.SnackbarHostState origin=null
              DELEGATING_CONSTRUCTOR_CALL 'public constructor <init> (arity: kotlin.Int, $completion: kotlin.coroutines.Continuation<kotlin.Any?>?) declared in kotlin.coroutines.jvm.internal.SuspendLambda'
                arity: CONST Int type=kotlin.Int value=2
                $completion: GET_VAR '$completion: kotlin.coroutines.Continuation<com.example.wishlistfeature.wishlist.WishlistRouteKt.WishlistRoute.<no name provided>>? declared in com.example.wishlistfeature.wishlist.WishlistRouteKt.WishlistRoute.<no name provided>.<init>' type=kotlin.coroutines.Continuation<com.example.wishlistfeature.wishlist.WishlistRouteKt.WishlistRoute.<no name provided>>? origin=null
              BLOCK type=kotlin.Unit origin=null
          FUN name:invokeSuspend visibility:public modality:FINAL <> ($this:com.example.wishlistfeature.wishlist.WishlistRouteKt.WishlistRoute.<no name provided>, $result:kotlin.Result<kotlin.Any?>) returnType:kotlin.Any?
            overridden:
              protected abstract fun invokeSuspend ($result: kotlin.Result<kotlin.Any?>): kotlin.Any? declared in kotlin.coroutines.jvm.internal.SuspendLambda
            $this: VALUE_PARAMETER INSTANCE_RECEIVER name:<this> type:com.example.wishlistfeature.wishlist.WishlistRouteKt.WishlistRoute.<no name provided>
            VALUE_PARAMETER name:$result index:0 type:kotlin.Result<kotlin.Any?>
            BLOCK_BODY
              CALL 'public final fun collectLatest <T> (action: kotlin.coroutines.SuspendFunction1<@[ParameterName(name = "value")] T of kotlinx.coroutines.flow.FlowKt.collectLatest, kotlin.Unit>, $completion: kotlin.coroutines.Continuation<kotlin.Unit>): kotlin.Any? [suspend] declared in kotlinx.coroutines.flow.FlowKt' type=kotlin.Unit origin=null
                <T>: com.example.wishlistfeature.wishlist.WishlistEvent
                $receiver: CALL 'public final fun <get-eventFlow> (): kotlinx.coroutines.flow.SharedFlow<com.example.wishlistfeature.wishlist.WishlistEvent> declared in com.example.wishlistfeature.wishlist.WishlistViewModel' type=kotlinx.coroutines.flow.SharedFlow<com.example.wishlistfeature.wishlist.WishlistEvent> origin=GET_PROPERTY
                  $this: GET_FIELD 'FIELD FIELD_FOR_CAPTURED_VALUE name:$viewModel type:com.example.wishlistfeature.wishlist.WishlistViewModel visibility:public/*package*/ [final] declared in com.example.wishlistfeature.wishlist.WishlistRouteKt.WishlistRoute.<no name provided>' type=com.example.wishlistfeature.wishlist.WishlistViewModel origin=null
                    receiver: GET_VAR '<this>: com.example.wishlistfeature.wishlist.WishlistRouteKt.WishlistRoute.<no name provided> declared in com.example.wishlistfeature.wishlist.WishlistRouteKt.WishlistRoute.<no name provided>.invokeSuspend' type=com.example.wishlistfeature.wishlist.WishlistRouteKt.WishlistRoute.<no name provided> origin=null
                action: BLOCK type=com.example.wishlistfeature.wishlist.WishlistRouteKt.WishlistRoute.<no name provided>.invokeSuspend.<no name provided> origin=null
                  CLASS SUSPEND_LAMBDA CLASS name:<no name provided> modality:FINAL visibility:public/*package*/ superTypes:[kotlin.coroutines.jvm.internal.SuspendLambda; kotlin.jvm.functions.Function2<com.example.wishlistfeature.wishlist.WishlistEvent, kotlin.coroutines.Continuation<kotlin.Unit>?, kotlin.Any?>]
                    $this: VALUE_PARAMETER INSTANCE_RECEIVER name:<this> type:com.example.wishlistfeature.wishlist.WishlistRouteKt.WishlistRoute.<no name provided>.invokeSuspend.<no name provided>
                    FIELD name:label type:kotlin.Int visibility:public/*package*/
                    FIELD FIELD_FOR_CAPTURED_VALUE name:L$0 type:kotlin.Any? visibility:public/*package*/
                    CONSTRUCTOR SUSPEND_LAMBDA visibility:public/*package*/ <> ($context:android.content.Context, $snackBarHostState:androidx.compose.material3.SnackbarHostState, $completion:kotlin.coroutines.Continuation<com.example.wishlistfeature.wishlist.WishlistRouteKt.WishlistRoute.<no name provided>.invokeSuspend.<no name provided>>?) returnType:com.example.wishlistfeature.wishlist.WishlistRouteKt.WishlistRoute.<no name provided>.invokeSuspend.<no name provided> [primary]
                      VALUE_PARAMETER BOUND_VALUE_PARAMETER name:$context index:0 type:android.content.Context
                      VALUE_PARAMETER BOUND_VALUE_PARAMETER name:$snackBarHostState index:1 type:androidx.compose.material3.SnackbarHostState
                      VALUE_PARAMETER name:$completion index:2 type:kotlin.coroutines.Continuation<com.example.wishlistfeature.wishlist.WishlistRouteKt.WishlistRoute.<no name provided>.invokeSuspend.<no name provided>>?
                      BLOCK_BODY
                        SET_FIELD 'FIELD FIELD_FOR_CAPTURED_VALUE name:$context type:android.content.Context visibility:public/*package*/ [final] declared in com.example.wishlistfeature.wishlist.WishlistRouteKt.WishlistRoute.<no name provided>.invokeSuspend.<no name provided>' type=kotlin.Unit origin=INITIALIZER_OF_FIELD_FOR_CAPTURED_VALUE
                          receiver: GET_VAR '<this>: com.example.wishlistfeature.wishlist.WishlistRouteKt.WishlistRoute.<no name provided>.invokeSuspend.<no name provided> declared in com.example.wishlistfeature.wishlist.WishlistRouteKt.WishlistRoute.<no name provided>.invokeSuspend.<no name provided>' type=com.example.wishlistfeature.wishlist.WishlistRouteKt.WishlistRoute.<no name provided>.invokeSuspend.<no name provided> origin=null
                          value: GET_VAR '$context: android.content.Context declared in com.example.wishlistfeature.wishlist.WishlistRouteKt.WishlistRoute.<no name provided>.invokeSuspend.<no name provided>.<init>' type=android.content.Context origin=null
                        SET_FIELD 'FIELD FIELD_FOR_CAPTURED_VALUE name:$snackBarHostState type:androidx.compose.material3.SnackbarHostState visibility:public/*package*/ [final] declared in com.example.wishlistfeature.wishlist.WishlistRouteKt.WishlistRoute.<no name provided>.invokeSuspend.<no name provided>' type=kotlin.Unit origin=INITIALIZER_OF_FIELD_FOR_CAPTURED_VALUE
                          receiver: GET_VAR '<this>: com.example.wishlistfeature.wishlist.WishlistRouteKt.WishlistRoute.<no name provided>.invokeSuspend.<no name provided> declared in com.example.wishlistfeature.wishlist.WishlistRouteKt.WishlistRoute.<no name provided>.invokeSuspend.<no name provided>' type=com.example.wishlistfeature.wishlist.WishlistRouteKt.WishlistRoute.<no name provided>.invokeSuspend.<no name provided> origin=null
                          value: GET_VAR '$snackBarHostState: androidx.compose.material3.SnackbarHostState declared in com.example.wishlistfeature.wishlist.WishlistRouteKt.WishlistRoute.<no name provided>.invokeSuspend.<no name provided>.<init>' type=androidx.compose.material3.SnackbarHostState origin=null
                        DELEGATING_CONSTRUCTOR_CALL 'public constructor <init> (arity: kotlin.Int, $completion: kotlin.coroutines.Continuation<kotlin.Any?>?) declared in kotlin.coroutines.jvm.internal.SuspendLambda'
                          arity: CONST Int type=kotlin.Int value=2
                          $completion: GET_VAR '$completion: kotlin.coroutines.Continuation<com.example.wishlistfeature.wishlist.WishlistRouteKt.WishlistRoute.<no name provided>.invokeSuspend.<no name provided>>? declared in com.example.wishlistfeature.wishlist.WishlistRouteKt.WishlistRoute.<no name provided>.invokeSuspend.<no name provided>.<init>' type=kotlin.coroutines.Continuation<com.example.wishlistfeature.wishlist.WishlistRouteKt.WishlistRoute.<no name provided>.invokeSuspend.<no name provided>>? origin=null
                        BLOCK type=kotlin.Unit origin=null
                    FUN name:invokeSuspend visibility:public modality:FINAL <> ($this:com.example.wishlistfeature.wishlist.WishlistRouteKt.WishlistRoute.<no name provided>.invokeSuspend.<no name provided>, $result:kotlin.Result<kotlin.Any?>) returnType:kotlin.Any?
                      overridden:
                        protected abstract fun invokeSuspend ($result: kotlin.Result<kotlin.Any?>): kotlin.Any? declared in kotlin.coroutines.jvm.internal.SuspendLambda
                      $this: VALUE_PARAMETER INSTANCE_RECEIVER name:<this> type:com.example.wishlistfeature.wishlist.WishlistRouteKt.WishlistRoute.<no name provided>.invokeSuspend.<no name provided>
                      VALUE_PARAMETER name:$result index:0 type:kotlin.Result<kotlin.Any?>
                      BLOCK_BODY
                        VAR name:event type:com.example.wishlistfeature.wishlist.WishlistEvent [val]
                          BLOCK type=com.example.wishlistfeature.wishlist.WishlistEvent origin=null
                            GET_FIELD 'FIELD FIELD_FOR_CAPTURED_VALUE name:L$0 type:kotlin.Any? visibility:public/*package*/ declared in com.example.wishlistfeature.wishlist.WishlistRouteKt.WishlistRoute.<no name provided>.invokeSuspend.<no name provided>' type=com.example.wishlistfeature.wishlist.WishlistEvent origin=null
                              receiver: GET_VAR '<this>: com.example.wishlistfeature.wishlist.WishlistRouteKt.WishlistRoute.<no name provided>.invokeSuspend.<no name provided> declared in com.example.wishlistfeature.wishlist.WishlistRouteKt.WishlistRoute.<no name provided>.invokeSuspend.<no name provided>.invokeSuspend' type=com.example.wishlistfeature.wishlist.WishlistRouteKt.WishlistRoute.<no name provided>.invokeSuspend.<no name provided> origin=null
                        COMPOSITE type=kotlin.Unit origin=null
                          BLOCK type=androidx.compose.material3.SnackbarResult origin=WHEN
                            VAR IR_TEMPORARY_VARIABLE name:tmp0_subject type:com.example.wishlistfeature.wishlist.WishlistEvent [val]
                              GET_VAR 'val event: com.example.wishlistfeature.wishlist.WishlistEvent [val] declared in com.example.wishlistfeature.wishlist.WishlistRouteKt.WishlistRoute.<no name provided>.invokeSuspend.<no name provided>.invokeSuspend' type=com.example.wishlistfeature.wishlist.WishlistEvent origin=null
                            WHEN type=androidx.compose.material3.SnackbarResult origin=WHEN
                              BRANCH
                                if: TYPE_OP type=kotlin.Boolean origin=INSTANCEOF typeOperand=com.example.wishlistfeature.wishlist.WishlistEvent.ShowSnackbar
                                  GET_VAR 'val tmp0_subject: com.example.wishlistfeature.wishlist.WishlistEvent [val] declared in com.example.wishlistfeature.wishlist.WishlistRouteKt.WishlistRoute.<no name provided>.invokeSuspend.<no name provided>.invokeSuspend' type=com.example.wishlistfeature.wishlist.WishlistEvent origin=null
                                then: BLOCK type=androidx.compose.material3.SnackbarResult origin=null
                                  VAR name:snackBarText type:kotlin.String [val]
                                    BLOCK type=kotlin.String origin=null
                                      VAR IR_TEMPORARY_VARIABLE name:tmp0 type:kotlin.Any? [val]
                                        CALL 'public final fun getString (p0: kotlin.Int): @[EnhancedNullability] kotlin.String declared in android.content.Context' type=@[EnhancedNullability] kotlin.String origin=null
                                          $this: GET_FIELD 'FIELD FIELD_FOR_CAPTURED_VALUE name:$context type:android.content.Context visibility:public/*package*/ [final] declared in com.example.wishlistfeature.wishlist.WishlistRouteKt.WishlistRoute.<no name provided>.invokeSuspend.<no name provided>' type=android.content.Context origin=null
                                            receiver: GET_VAR '<this>: com.example.wishlistfeature.wishlist.WishlistRouteKt.WishlistRoute.<no name provided>.invokeSuspend.<no name provided> declared in com.example.wishlistfeature.wishlist.WishlistRouteKt.WishlistRoute.<no name provided>.invokeSuspend.<no name provided>.invokeSuspend' type=com.example.wishlistfeature.wishlist.WishlistRouteKt.WishlistRoute.<no name provided>.invokeSuspend.<no name provided> origin=null
                                          p0: CALL 'public final fun <get-message> (): kotlin.Int declared in com.example.wishlistfeature.wishlist.WishlistEvent.ShowSnackbar' type=kotlin.Int origin=GET_PROPERTY
                                            $this: TYPE_OP type=com.example.wishlistfeature.wishlist.WishlistEvent.ShowSnackbar origin=IMPLICIT_CAST typeOperand=com.example.wishlistfeature.wishlist.WishlistEvent.ShowSnackbar
                                              GET_VAR 'val event: com.example.wishlistfeature.wishlist.WishlistEvent [val] declared in com.example.wishlistfeature.wishlist.WishlistRouteKt.WishlistRoute.<no name provided>.invokeSuspend.<no name provided>.invokeSuspend' type=com.example.wishlistfeature.wishlist.WishlistEvent origin=null
                                      CALL 'public final fun checkNotNullExpressionValue (value: kotlin.Any?, expression: kotlin.String): kotlin.Unit declared in kotlin.jvm.internal.Intrinsics' type=kotlin.Unit origin=null
                                        value: GET_VAR 'val tmp0: kotlin.Any? [val] declared in com.example.wishlistfeature.wishlist.WishlistRouteKt.WishlistRoute.<no name provided>.invokeSuspend.<no name provided>.invokeSuspend' type=kotlin.Any? origin=null
                                        expression: CONST String type=kotlin.String value="getString(...)"
                                      GET_VAR 'val tmp0: kotlin.Any? [val] declared in com.example.wishlistfeature.wishlist.WishlistRouteKt.WishlistRoute.<no name provided>.invokeSuspend.<no name provided>.invokeSuspend' type=kotlin.Any? origin=null
                                  CALL 'public final fun showSnackbar$default ($this: androidx.compose.material3.SnackbarHostState, message: kotlin.String, actionLabel: kotlin.String?, withDismissAction: kotlin.Boolean, duration: androidx.compose.material3.SnackbarDuration?, $completion: kotlin.coroutines.Continuation<androidx.compose.material3.SnackbarResult>, $mask0: kotlin.Int, $handler: kotlin.Any?): kotlin.Any? [suspend] declared in androidx.compose.material3.SnackbarHostState' type=androidx.compose.material3.SnackbarResult origin=DEFAULT_DISPATCH_CALL
                                    $this: GET_FIELD 'FIELD FIELD_FOR_CAPTURED_VALUE name:$snackBarHostState type:androidx.compose.material3.SnackbarHostState visibility:public/*package*/ [final] declared in com.example.wishlistfeature.wishlist.WishlistRouteKt.WishlistRoute.<no name provided>.invokeSuspend.<no name provided>' type=androidx.compose.material3.SnackbarHostState origin=null
                                      receiver: GET_VAR '<this>: com.example.wishlistfeature.wishlist.WishlistRouteKt.WishlistRoute.<no name provided>.invokeSuspend.<no name provided> declared in com.example.wishlistfeature.wishlist.WishlistRouteKt.WishlistRoute.<no name provided>.invokeSuspend.<no name provided>.invokeSuspend' type=com.example.wishlistfeature.wishlist.WishlistRouteKt.WishlistRoute.<no name provided>.invokeSuspend.<no name provided> origin=null
                                    message: GET_VAR 'val snackBarText: kotlin.String [val] declared in com.example.wishlistfeature.wishlist.WishlistRouteKt.WishlistRoute.<no name provided>.invokeSuspend.<no name provided>.invokeSuspend' type=kotlin.String origin=null
                                    actionLabel: COMPOSITE type=kotlin.String? origin=DEFAULT_VALUE
                                      CONST Null type=kotlin.String? value=null
                                    withDismissAction: COMPOSITE type=kotlin.Boolean origin=DEFAULT_VALUE
                                      CONST Boolean type=kotlin.Boolean value=false
                                    duration: COMPOSITE type=androidx.compose.material3.SnackbarDuration? origin=DEFAULT_VALUE
                                      CONST Null type=androidx.compose.material3.SnackbarDuration? value=null
                                    $completion: GET_VAR '<this>: com.example.wishlistfeature.wishlist.WishlistRouteKt.WishlistRoute.<no name provided>.invokeSuspend.<no name provided> declared in com.example.wishlistfeature.wishlist.WishlistRouteKt.WishlistRoute.<no name provided>.invokeSuspend.<no name provided>.invokeSuspend' type=com.example.wishlistfeature.wishlist.WishlistRouteKt.WishlistRoute.<no name provided>.invokeSuspend.<no name provided> origin=null
                                    $mask0: CONST Int type=kotlin.Int value=14
                                    $handler: CONST Null type=kotlin.Any? value=null
                              BRANCH
                                if: CONST Boolean type=kotlin.Boolean value=true
                                then: BLOCK type=kotlin.Nothing origin=null
                                  CALL 'public final fun noWhenBranchMatchedException (): kotlin.Nothing declared in kotlin.internal.ir' type=kotlin.Nothing origin=null
                                  CALL 'public final fun throwKotlinNothingValueException (): kotlin.Nothing declared in kotlin.jvm.internal.Intrinsics' type=kotlin.Nothing origin=null
                          COMPOSITE type=kotlin.Unit origin=null
                    FUN name:create visibility:public modality:FINAL <> ($this:com.example.wishlistfeature.wishlist.WishlistRouteKt.WishlistRoute.<no name provided>.invokeSuspend.<no name provided>, value:kotlin.Any?, $completion:kotlin.coroutines.Continuation<kotlin.Nothing>) returnType:kotlin.coroutines.Continuation<kotlin.Unit>
                      overridden:
                        public open fun create (value: kotlin.Any?, $completion: kotlin.coroutines.Continuation<kotlin.Nothing>): kotlin.coroutines.Continuation<kotlin.Unit> declared in kotlin.coroutines.jvm.internal.SuspendLambda
                      $this: VALUE_PARAMETER INSTANCE_RECEIVER name:<this> type:com.example.wishlistfeature.wishlist.WishlistRouteKt.WishlistRoute.<no name provided>.invokeSuspend.<no name provided>
                      VALUE_PARAMETER name:value index:0 type:kotlin.Any?
                      VALUE_PARAMETER name:$completion index:1 type:kotlin.coroutines.Continuation<kotlin.Nothing>
                      BLOCK_BODY
                        VAR IR_TEMPORARY_VARIABLE name:tmp0_result type:com.example.wishlistfeature.wishlist.WishlistRouteKt.WishlistRoute.<no name provided>.invokeSuspend.<no name provided> [val]
                          CONSTRUCTOR_CALL 'public/*package*/ constructor <init> ($context: android.content.Context, $snackBarHostState: androidx.compose.material3.SnackbarHostState, $completion: kotlin.coroutines.Continuation<com.example.wishlistfeature.wishlist.WishlistRouteKt.WishlistRoute.<no name provided>.invokeSuspend.<no name provided>>?) [primary] declared in com.example.wishlistfeature.wishlist.WishlistRouteKt.WishlistRoute.<no name provided>.invokeSuspend.<no name provided>' type=com.example.wishlistfeature.wishlist.WishlistRouteKt.WishlistRoute.<no name provided>.invokeSuspend.<no name provided> origin=null
                            $context: GET_FIELD 'FIELD FIELD_FOR_CAPTURED_VALUE name:$context type:android.content.Context visibility:public/*package*/ [final] declared in com.example.wishlistfeature.wishlist.WishlistRouteKt.WishlistRoute.<no name provided>.invokeSuspend.<no name provided>' type=android.content.Context origin=null
                              receiver: GET_VAR '<this>: com.example.wishlistfeature.wishlist.WishlistRouteKt.WishlistRoute.<no name provided>.invokeSuspend.<no name provided> declared in com.example.wishlistfeature.wishlist.WishlistRouteKt.WishlistRoute.<no name provided>.invokeSuspend.<no name provided>.create' type=com.example.wishlistfeature.wishlist.WishlistRouteKt.WishlistRoute.<no name provided>.invokeSuspend.<no name provided> origin=null
                            $snackBarHostState: GET_FIELD 'FIELD FIELD_FOR_CAPTURED_VALUE name:$snackBarHostState type:androidx.compose.material3.SnackbarHostState visibility:public/*package*/ [final] declared in com.example.wishlistfeature.wishlist.WishlistRouteKt.WishlistRoute.<no name provided>.invokeSuspend.<no name provided>' type=androidx.compose.material3.SnackbarHostState origin=null
                              receiver: GET_VAR '<this>: com.example.wishlistfeature.wishlist.WishlistRouteKt.WishlistRoute.<no name provided>.invokeSuspend.<no name provided> declared in com.example.wishlistfeature.wishlist.WishlistRouteKt.WishlistRoute.<no name provided>.invokeSuspend.<no name provided>.create' type=com.example.wishlistfeature.wishlist.WishlistRouteKt.WishlistRoute.<no name provided>.invokeSuspend.<no name provided> origin=null
                            $completion: GET_VAR '$completion: kotlin.coroutines.Continuation<kotlin.Nothing> declared in com.example.wishlistfeature.wishlist.WishlistRouteKt.WishlistRoute.<no name provided>.invokeSuspend.<no name provided>.create' type=kotlin.coroutines.Continuation<kotlin.Nothing> origin=null
                        SET_FIELD 'FIELD FIELD_FOR_CAPTURED_VALUE name:L$0 type:kotlin.Any? visibility:public/*package*/ declared in com.example.wishlistfeature.wishlist.WishlistRouteKt.WishlistRoute.<no name provided>.invokeSuspend.<no name provided>' type=kotlin.Unit origin=null
                          receiver: GET_VAR 'val tmp0_result: com.example.wishlistfeature.wishlist.WishlistRouteKt.WishlistRoute.<no name provided>.invokeSuspend.<no name provided> [val] declared in com.example.wishlistfeature.wishlist.WishlistRouteKt.WishlistRoute.<no name provided>.invokeSuspend.<no name provided>.create' type=com.example.wishlistfeature.wishlist.WishlistRouteKt.WishlistRoute.<no name provided>.invokeSuspend.<no name provided> origin=null
                          value: GET_VAR 'value: kotlin.Any? declared in com.example.wishlistfeature.wishlist.WishlistRouteKt.WishlistRoute.<no name provided>.invokeSuspend.<no name provided>.create' type=kotlin.Any? origin=null
                        RETURN type=kotlin.Nothing from='public final fun create (value: kotlin.Any?, $completion: kotlin.coroutines.Continuation<kotlin.Nothing>): kotlin.coroutines.Continuation<kotlin.Unit> declared in com.example.wishlistfeature.wishlist.WishlistRouteKt.WishlistRoute.<no name provided>.invokeSuspend.<no name provided>'
                          GET_VAR 'val tmp0_result: com.example.wishlistfeature.wishlist.WishlistRouteKt.WishlistRoute.<no name provided>.invokeSuspend.<no name provided> [val] declared in com.example.wishlistfeature.wishlist.WishlistRouteKt.WishlistRoute.<no name provided>.invokeSuspend.<no name provided>.create' type=com.example.wishlistfeature.wishlist.WishlistRouteKt.WishlistRoute.<no name provided>.invokeSuspend.<no name provided> origin=null
                    FUN name:invoke visibility:public modality:FINAL <> ($this:com.example.wishlistfeature.wishlist.WishlistRouteKt.WishlistRoute.<no name provided>.invokeSuspend.<no name provided>, p1:com.example.wishlistfeature.wishlist.WishlistEvent, p2:kotlin.coroutines.Continuation<kotlin.Unit>?) returnType:kotlin.Any?
                      overridden:
                        public abstract fun invoke (p1: P1 of kotlin.jvm.functions.Function2, p2: P2 of kotlin.jvm.functions.Function2): R of kotlin.jvm.functions.Function2 declared in kotlin.jvm.functions.Function2
                      $this: VALUE_PARAMETER INSTANCE_RECEIVER name:<this> type:com.example.wishlistfeature.wishlist.WishlistRouteKt.WishlistRoute.<no name provided>.invokeSuspend.<no name provided>
                      VALUE_PARAMETER name:p1 index:0 type:com.example.wishlistfeature.wishlist.WishlistEvent
                      VALUE_PARAMETER name:p2 index:1 type:kotlin.coroutines.Continuation<kotlin.Unit>?
                      BLOCK_BODY
                        RETURN type=kotlin.Nothing from='public final fun invoke (p1: com.example.wishlistfeature.wishlist.WishlistEvent, p2: kotlin.coroutines.Continuation<kotlin.Unit>?): kotlin.Any? declared in com.example.wishlistfeature.wishlist.WishlistRouteKt.WishlistRoute.<no name provided>.invokeSuspend.<no name provided>'
                          CALL 'public final fun invokeSuspend ($result: kotlin.Result<kotlin.Any?>): kotlin.Any? declared in com.example.wishlistfeature.wishlist.WishlistRouteKt.WishlistRoute.<no name provided>.invokeSuspend.<no name provided>' type=kotlin.Any? origin=null
                            $this: TYPE_OP type=com.example.wishlistfeature.wishlist.WishlistRouteKt.WishlistRoute.<no name provided>.invokeSuspend.<no name provided> origin=IMPLICIT_CAST typeOperand=com.example.wishlistfeature.wishlist.WishlistRouteKt.WishlistRoute.<no name provided>.invokeSuspend.<no name provided>
                              CALL 'public final fun create (value: kotlin.Any?, $completion: kotlin.coroutines.Continuation<kotlin.Nothing>): kotlin.coroutines.Continuation<kotlin.Unit> declared in com.example.wishlistfeature.wishlist.WishlistRouteKt.WishlistRoute.<no name provided>.invokeSuspend.<no name provided>' type=kotlin.coroutines.Continuation<kotlin.Unit> origin=null
                                $this: GET_VAR '<this>: com.example.wishlistfeature.wishlist.WishlistRouteKt.WishlistRoute.<no name provided>.invokeSuspend.<no name provided> declared in com.example.wishlistfeature.wishlist.WishlistRouteKt.WishlistRoute.<no name provided>.invokeSuspend.<no name provided>.invoke' type=com.example.wishlistfeature.wishlist.WishlistRouteKt.WishlistRoute.<no name provided>.invokeSuspend.<no name provided> origin=null
                                value: GET_VAR 'p1: com.example.wishlistfeature.wishlist.WishlistEvent declared in com.example.wishlistfeature.wishlist.WishlistRouteKt.WishlistRoute.<no name provided>.invokeSuspend.<no name provided>.invoke' type=com.example.wishlistfeature.wishlist.WishlistEvent origin=null
                                $completion: GET_VAR 'p2: kotlin.coroutines.Continuation<kotlin.Unit>? declared in com.example.wishlistfeature.wishlist.WishlistRouteKt.WishlistRoute.<no name provided>.invokeSuspend.<no name provided>.invoke' type=kotlin.coroutines.Continuation<kotlin.Unit>? origin=null
                            $result: CALL 'public final fun <unsafe-coerce> <T, R> (v: T of kotlin.jvm.internal.<unsafe-coerce>): R of kotlin.jvm.internal.<unsafe-coerce> declared in kotlin.jvm.internal' type=kotlin.Result<kotlin.Any?> origin=null
                              <T>: kotlin.Any?
                              <R>: kotlin.Result<kotlin.Any?>
                              v: GET_FIELD 'FIELD FIELD_FOR_OBJECT_INSTANCE name:INSTANCE type:kotlin.Unit visibility:public [final,static] declared in kotlin.Unit' type=kotlin.Unit origin=null
                    FIELD FIELD_FOR_CAPTURED_VALUE name:$context type:android.content.Context visibility:public/*package*/ [final]
                    FIELD FIELD_FOR_CAPTURED_VALUE name:$snackBarHostState type:androidx.compose.material3.SnackbarHostState visibility:public/*package*/ [final]
                    FUN BRIDGE name:invoke visibility:public modality:OPEN <> ($this:com.example.wishlistfeature.wishlist.WishlistRouteKt.WishlistRoute.<no name provided>.invokeSuspend.<no name provided>, p1:kotlin.Any?, p2:kotlin.Any?) returnType:kotlin.Any?
                      $this: VALUE_PARAMETER INSTANCE_RECEIVER name:<this> type:com.example.wishlistfeature.wishlist.WishlistRouteKt.WishlistRoute.<no name provided>.invokeSuspend.<no name provided>
                      VALUE_PARAMETER BRIDGE name:p1 index:0 type:kotlin.Any?
                      VALUE_PARAMETER BRIDGE name:p2 index:1 type:kotlin.Any?
                      EXPRESSION_BODY
                        RETURN type=kotlin.Nothing from='public open fun invoke (p1: kotlin.Any?, p2: kotlin.Any?): kotlin.Any? declared in com.example.wishlistfeature.wishlist.WishlistRouteKt.WishlistRoute.<no name provided>.invokeSuspend.<no name provided>'
                          CALL 'public final fun invoke (p1: com.example.wishlistfeature.wishlist.WishlistEvent, p2: kotlin.coroutines.Continuation<kotlin.Unit>?): kotlin.Any? declared in com.example.wishlistfeature.wishlist.WishlistRouteKt.WishlistRoute.<no name provided>.invokeSuspend.<no name provided>' type=kotlin.Any? origin=BRIDGE_DELEGATION
                            $this: GET_VAR '<this>: com.example.wishlistfeature.wishlist.WishlistRouteKt.WishlistRoute.<no name provided>.invokeSuspend.<no name provided> declared in com.example.wishlistfeature.wishlist.WishlistRouteKt.WishlistRoute.<no name provided>.invokeSuspend.<no name provided>.invoke' type=com.example.wishlistfeature.wishlist.WishlistRouteKt.WishlistRoute.<no name provided>.invokeSuspend.<no name provided> origin=null
                            p1: TYPE_OP type=com.example.wishlistfeature.wishlist.WishlistEvent origin=IMPLICIT_CAST typeOperand=com.example.wishlistfeature.wishlist.WishlistEvent
                              GET_VAR 'p1: kotlin.Any? declared in com.example.wishlistfeature.wishlist.WishlistRouteKt.WishlistRoute.<no name provided>.invokeSuspend.<no name provided>.invoke' type=kotlin.Any? origin=null
                            p2: TYPE_OP type=kotlin.coroutines.Continuation<*> origin=IMPLICIT_CAST typeOperand=kotlin.coroutines.Continuation<*>
                              GET_VAR 'p2: kotlin.Any? declared in com.example.wishlistfeature.wishlist.WishlistRouteKt.WishlistRoute.<no name provided>.invokeSuspend.<no name provided>.invoke' type=kotlin.Any? origin=null
                  CONSTRUCTOR_CALL 'public/*package*/ constructor <init> ($context: android.content.Context, $snackBarHostState: androidx.compose.material3.SnackbarHostState, $completion: kotlin.coroutines.Continuation<com.example.wishlistfeature.wishlist.WishlistRouteKt.WishlistRoute.<no name provided>.invokeSuspend.<no name provided>>?) [primary] declared in com.example.wishlistfeature.wishlist.WishlistRouteKt.WishlistRoute.<no name provided>.invokeSuspend.<no name provided>' type=com.example.wishlistfeature.wishlist.WishlistRouteKt.WishlistRoute.<no name provided>.invokeSuspend.<no name provided> origin=null
                    $context: GET_FIELD 'FIELD FIELD_FOR_CAPTURED_VALUE name:$context type:android.content.Context visibility:public/*package*/ [final] declared in com.example.wishlistfeature.wishlist.WishlistRouteKt.WishlistRoute.<no name provided>' type=android.content.Context origin=null
                      receiver: GET_VAR '<this>: com.example.wishlistfeature.wishlist.WishlistRouteKt.WishlistRoute.<no name provided> declared in com.example.wishlistfeature.wishlist.WishlistRouteKt.WishlistRoute.<no name provided>.invokeSuspend' type=com.example.wishlistfeature.wishlist.WishlistRouteKt.WishlistRoute.<no name provided> origin=null
                    $snackBarHostState: GET_FIELD 'FIELD FIELD_FOR_CAPTURED_VALUE name:$snackBarHostState type:androidx.compose.material3.SnackbarHostState visibility:public/*package*/ [final] declared in com.example.wishlistfeature.wishlist.WishlistRouteKt.WishlistRoute.<no name provided>' type=androidx.compose.material3.SnackbarHostState origin=null
                      receiver: GET_VAR '<this>: com.example.wishlistfeature.wishlist.WishlistRouteKt.WishlistRoute.<no name provided> declared in com.example.wishlistfeature.wishlist.WishlistRouteKt.WishlistRoute.<no name provided>.invokeSuspend' type=com.example.wishlistfeature.wishlist.WishlistRouteKt.WishlistRoute.<no name provided> origin=null
                    $completion: CONST Null type=kotlin.Nothing? value=null
                $completion: GET_VAR '<this>: com.example.wishlistfeature.wishlist.WishlistRouteKt.WishlistRoute.<no name provided> declared in com.example.wishlistfeature.wishlist.WishlistRouteKt.WishlistRoute.<no name provided>.invokeSuspend' type=com.example.wishlistfeature.wishlist.WishlistRouteKt.WishlistRoute.<no name provided> origin=null
          FUN name:create visibility:public modality:FINAL <> ($this:com.example.wishlistfeature.wishlist.WishlistRouteKt.WishlistRoute.<no name provided>, value:kotlin.Any?, $completion:kotlin.coroutines.Continuation<kotlin.Nothing>) returnType:kotlin.coroutines.Continuation<kotlin.Unit>
            overridden:
              public open fun create (value: kotlin.Any?, $completion: kotlin.coroutines.Continuation<kotlin.Nothing>): kotlin.coroutines.Continuation<kotlin.Unit> declared in kotlin.coroutines.jvm.internal.SuspendLambda
            $this: VALUE_PARAMETER INSTANCE_RECEIVER name:<this> type:com.example.wishlistfeature.wishlist.WishlistRouteKt.WishlistRoute.<no name provided>
            VALUE_PARAMETER name:value index:0 type:kotlin.Any?
            VALUE_PARAMETER name:$completion index:1 type:kotlin.coroutines.Continuation<kotlin.Nothing>
            BLOCK_BODY
              RETURN type=kotlin.Nothing from='public final fun create (value: kotlin.Any?, $completion: kotlin.coroutines.Continuation<kotlin.Nothing>): kotlin.coroutines.Continuation<kotlin.Unit> declared in com.example.wishlistfeature.wishlist.WishlistRouteKt.WishlistRoute.<no name provided>'
                CONSTRUCTOR_CALL 'public/*package*/ constructor <init> ($viewModel: com.example.wishlistfeature.wishlist.WishlistViewModel, $context: android.content.Context, $snackBarHostState: androidx.compose.material3.SnackbarHostState, $completion: kotlin.coroutines.Continuation<com.example.wishlistfeature.wishlist.WishlistRouteKt.WishlistRoute.<no name provided>>?) [primary] declared in com.example.wishlistfeature.wishlist.WishlistRouteKt.WishlistRoute.<no name provided>' type=com.example.wishlistfeature.wishlist.WishlistRouteKt.WishlistRoute.<no name provided> origin=null
                  $viewModel: GET_FIELD 'FIELD FIELD_FOR_CAPTURED_VALUE name:$viewModel type:com.example.wishlistfeature.wishlist.WishlistViewModel visibility:public/*package*/ [final] declared in com.example.wishlistfeature.wishlist.WishlistRouteKt.WishlistRoute.<no name provided>' type=com.example.wishlistfeature.wishlist.WishlistViewModel origin=null
                    receiver: GET_VAR '<this>: com.example.wishlistfeature.wishlist.WishlistRouteKt.WishlistRoute.<no name provided> declared in com.example.wishlistfeature.wishlist.WishlistRouteKt.WishlistRoute.<no name provided>.create' type=com.example.wishlistfeature.wishlist.WishlistRouteKt.WishlistRoute.<no name provided> origin=null
                  $context: GET_FIELD 'FIELD FIELD_FOR_CAPTURED_VALUE name:$context type:android.content.Context visibility:public/*package*/ [final] declared in com.example.wishlistfeature.wishlist.WishlistRouteKt.WishlistRoute.<no name provided>' type=android.content.Context origin=null
                    receiver: GET_VAR '<this>: com.example.wishlistfeature.wishlist.WishlistRouteKt.WishlistRoute.<no name provided> declared in com.example.wishlistfeature.wishlist.WishlistRouteKt.WishlistRoute.<no name provided>.create' type=com.example.wishlistfeature.wishlist.WishlistRouteKt.WishlistRoute.<no name provided> origin=null
                  $snackBarHostState: GET_FIELD 'FIELD FIELD_FOR_CAPTURED_VALUE name:$snackBarHostState type:androidx.compose.material3.SnackbarHostState visibility:public/*package*/ [final] declared in com.example.wishlistfeature.wishlist.WishlistRouteKt.WishlistRoute.<no name provided>' type=androidx.compose.material3.SnackbarHostState origin=null
                    receiver: GET_VAR '<this>: com.example.wishlistfeature.wishlist.WishlistRouteKt.WishlistRoute.<no name provided> declared in com.example.wishlistfeature.wishlist.WishlistRouteKt.WishlistRoute.<no name provided>.create' type=com.example.wishlistfeature.wishlist.WishlistRouteKt.WishlistRoute.<no name provided> origin=null
                  $completion: GET_VAR '$completion: kotlin.coroutines.Continuation<kotlin.Nothing> declared in com.example.wishlistfeature.wishlist.WishlistRouteKt.WishlistRoute.<no name provided>.create' type=kotlin.coroutines.Continuation<kotlin.Nothing> origin=null
          FUN name:invoke visibility:public modality:FINAL <> ($this:com.example.wishlistfeature.wishlist.WishlistRouteKt.WishlistRoute.<no name provided>, p1:kotlinx.coroutines.CoroutineScope, p2:kotlin.coroutines.Continuation<kotlin.Unit>?) returnType:kotlin.Any?
            overridden:
              public abstract fun invoke (p1: P1 of kotlin.jvm.functions.Function2, p2: P2 of kotlin.jvm.functions.Function2): R of kotlin.jvm.functions.Function2 declared in kotlin.jvm.functions.Function2
            $this: VALUE_PARAMETER INSTANCE_RECEIVER name:<this> type:com.example.wishlistfeature.wishlist.WishlistRouteKt.WishlistRoute.<no name provided>
            VALUE_PARAMETER name:p1 index:0 type:kotlinx.coroutines.CoroutineScope
            VALUE_PARAMETER name:p2 index:1 type:kotlin.coroutines.Continuation<kotlin.Unit>?
            BLOCK_BODY
              RETURN type=kotlin.Nothing from='public final fun invoke (p1: kotlinx.coroutines.CoroutineScope, p2: kotlin.coroutines.Continuation<kotlin.Unit>?): kotlin.Any? declared in com.example.wishlistfeature.wishlist.WishlistRouteKt.WishlistRoute.<no name provided>'
                CALL 'public final fun invokeSuspend ($result: kotlin.Result<kotlin.Any?>): kotlin.Any? declared in com.example.wishlistfeature.wishlist.WishlistRouteKt.WishlistRoute.<no name provided>' type=kotlin.Any? origin=null
                  $this: TYPE_OP type=com.example.wishlistfeature.wishlist.WishlistRouteKt.WishlistRoute.<no name provided> origin=IMPLICIT_CAST typeOperand=com.example.wishlistfeature.wishlist.WishlistRouteKt.WishlistRoute.<no name provided>
                    CALL 'public final fun create (value: kotlin.Any?, $completion: kotlin.coroutines.Continuation<kotlin.Nothing>): kotlin.coroutines.Continuation<kotlin.Unit> declared in com.example.wishlistfeature.wishlist.WishlistRouteKt.WishlistRoute.<no name provided>' type=kotlin.coroutines.Continuation<kotlin.Unit> origin=null
                      $this: GET_VAR '<this>: com.example.wishlistfeature.wishlist.WishlistRouteKt.WishlistRoute.<no name provided> declared in com.example.wishlistfeature.wishlist.WishlistRouteKt.WishlistRoute.<no name provided>.invoke' type=com.example.wishlistfeature.wishlist.WishlistRouteKt.WishlistRoute.<no name provided> origin=null
                      value: GET_VAR 'p1: kotlinx.coroutines.CoroutineScope declared in com.example.wishlistfeature.wishlist.WishlistRouteKt.WishlistRoute.<no name provided>.invoke' type=kotlinx.coroutines.CoroutineScope origin=null
                      $completion: GET_VAR 'p2: kotlin.coroutines.Continuation<kotlin.Unit>? declared in com.example.wishlistfeature.wishlist.WishlistRouteKt.WishlistRoute.<no name provided>.invoke' type=kotlin.coroutines.Continuation<kotlin.Unit>? origin=null
                  $result: CALL 'public final fun <unsafe-coerce> <T, R> (v: T of kotlin.jvm.internal.<unsafe-coerce>): R of kotlin.jvm.internal.<unsafe-coerce> declared in kotlin.jvm.internal' type=kotlin.Result<kotlin.Any?> origin=null
                    <T>: kotlin.Any?
                    <R>: kotlin.Result<kotlin.Any?>
                    v: GET_FIELD 'FIELD FIELD_FOR_OBJECT_INSTANCE name:INSTANCE type:kotlin.Unit visibility:public [final,static] declared in kotlin.Unit' type=kotlin.Unit origin=null
          FIELD FIELD_FOR_CAPTURED_VALUE name:$viewModel type:com.example.wishlistfeature.wishlist.WishlistViewModel visibility:public/*package*/ [final]
          FIELD FIELD_FOR_CAPTURED_VALUE name:$context type:android.content.Context visibility:public/*package*/ [final]
          FIELD FIELD_FOR_CAPTURED_VALUE name:$snackBarHostState type:androidx.compose.material3.SnackbarHostState visibility:public/*package*/ [final]
          FUN BRIDGE name:invoke visibility:public modality:OPEN <> ($this:com.example.wishlistfeature.wishlist.WishlistRouteKt.WishlistRoute.<no name provided>, p1:kotlin.Any?, p2:kotlin.Any?) returnType:kotlin.Any?
            $this: VALUE_PARAMETER INSTANCE_RECEIVER name:<this> type:com.example.wishlistfeature.wishlist.WishlistRouteKt.WishlistRoute.<no name provided>
            VALUE_PARAMETER BRIDGE name:p1 index:0 type:kotlin.Any?
            VALUE_PARAMETER BRIDGE name:p2 index:1 type:kotlin.Any?
            EXPRESSION_BODY
              RETURN type=kotlin.Nothing from='public open fun invoke (p1: kotlin.Any?, p2: kotlin.Any?): kotlin.Any? declared in com.example.wishlistfeature.wishlist.WishlistRouteKt.WishlistRoute.<no name provided>'
                CALL 'public final fun invoke (p1: kotlinx.coroutines.CoroutineScope, p2: kotlin.coroutines.Continuation<kotlin.Unit>?): kotlin.Any? declared in com.example.wishlistfeature.wishlist.WishlistRouteKt.WishlistRoute.<no name provided>' type=kotlin.Any? origin=BRIDGE_DELEGATION
                  $this: GET_VAR '<this>: com.example.wishlistfeature.wishlist.WishlistRouteKt.WishlistRoute.<no name provided> declared in com.example.wishlistfeature.wishlist.WishlistRouteKt.WishlistRoute.<no name provided>.invoke' type=com.example.wishlistfeature.wishlist.WishlistRouteKt.WishlistRoute.<no name provided> origin=null
                  p1: TYPE_OP type=kotlinx.coroutines.CoroutineScope origin=IMPLICIT_CAST typeOperand=kotlinx.coroutines.CoroutineScope
                    GET_VAR 'p1: kotlin.Any? declared in com.example.wishlistfeature.wishlist.WishlistRouteKt.WishlistRoute.<no name provided>.invoke' type=kotlin.Any? origin=null
                  p2: TYPE_OP type=kotlin.coroutines.Continuation<*> origin=IMPLICIT_CAST typeOperand=kotlin.coroutines.Continuation<*>
                    GET_VAR 'p2: kotlin.Any? declared in com.example.wishlistfeature.wishlist.WishlistRouteKt.WishlistRoute.<no name provided>.invoke' type=kotlin.Any? origin=null
        CONSTRUCTOR_CALL 'public/*package*/ constructor <init> ($viewModel: com.example.wishlistfeature.wishlist.WishlistViewModel, $context: android.content.Context, $snackBarHostState: androidx.compose.material3.SnackbarHostState, $completion: kotlin.coroutines.Continuation<com.example.wishlistfeature.wishlist.WishlistRouteKt.WishlistRoute.<no name provided>>?) [primary] declared in com.example.wishlistfeature.wishlist.WishlistRouteKt.WishlistRoute.<no name provided>' type=com.example.wishlistfeature.wishlist.WishlistRouteKt.WishlistRoute.<no name provided> origin=null
          $viewModel: GET_VAR 'viewModel: com.example.wishlistfeature.wishlist.WishlistViewModel declared in com.example.wishlistfeature.wishlist.WishlistRouteKt.WishlistRoute' type=com.example.wishlistfeature.wishlist.WishlistViewModel origin=null
          $context: GET_VAR 'val context: android.content.Context [val] declared in com.example.wishlistfeature.wishlist.WishlistRouteKt.WishlistRoute' type=android.content.Context origin=null
          $snackBarHostState: GET_VAR 'val snackBarHostState: androidx.compose.material3.SnackbarHostState [val] declared in com.example.wishlistfeature.wishlist.WishlistRouteKt.WishlistRoute' type=androidx.compose.material3.SnackbarHostState origin=null
          $completion: CONST Null type=kotlin.Nothing? value=null
    CALL 'public final fun WishlistScreen (uiState: com.example.wishlistfeature.wishlist.WishlistUiState, onRefreshMovies: kotlin.Function0<kotlin.Unit>, onMovieClick: kotlin.Function1<kotlin.Int, kotlin.Unit>, deleteMovieFromWishlist: kotlin.Function1<kotlin.Int, kotlin.Unit>, deleteTvShowFromWishlist: kotlin.Function1<kotlin.Int, kotlin.Unit>, snackBarHostState: androidx.compose.material3.SnackbarHostState): kotlin.Unit declared in com.example.wishlistfeature.wishlist.WishlistRouteKt' type=kotlin.Unit origin=null
      uiState: CALL 'private final fun WishlistRoute$lambda$0 ($uiState$delegate: androidx.compose.runtime.State<com.example.wishlistfeature.wishlist.WishlistUiState>): com.example.wishlistfeature.wishlist.WishlistUiState declared in com.example.wishlistfeature.wishlist.WishlistRouteKt' type=com.example.wishlistfeature.wishlist.WishlistUiState origin=GET_LOCAL_PROPERTY
        $uiState$delegate: GET_VAR 'val uiState$delegate: androidx.compose.runtime.State<com.example.wishlistfeature.wishlist.WishlistUiState> [val] declared in com.example.wishlistfeature.wishlist.WishlistRouteKt.WishlistRoute' type=androidx.compose.runtime.State<com.example.wishlistfeature.wishlist.WishlistUiState> origin=null
      onRefreshMovies: BLOCK type=kotlin.Function0<kotlin.Unit> origin=LAMBDA
        COMPOSITE type=kotlin.Unit origin=null
        CALL 'public final fun <jvm-indy> <T> (dynamicCall: T of kotlin.jvm.internal.<jvm-indy>, bootstrapMethodHandle: kotlin.Any, vararg bootstrapMethodArguments: kotlin.Any): T of kotlin.jvm.internal.<jvm-indy> declared in kotlin.jvm.internal' type=kotlin.Function0<kotlin.Unit> origin=null
          <T>: kotlin.Function0<kotlin.Unit>
          dynamicCall: CALL 'public final fun invoke (): kotlin.Function0<kotlin.Unit> declared in kotlin.jvm.internal.invokeDynamic' type=kotlin.Function0<kotlin.Unit> origin=null
          bootstrapMethodHandle: CALL 'public final fun <jvm-method-handle> (tag: kotlin.Int, owner: kotlin.String, name: kotlin.String, descriptor: kotlin.String, isInterface: kotlin.Boolean): kotlin.Any declared in kotlin.jvm.internal' type=kotlin.Any origin=null
            tag: CONST Int type=kotlin.Int value=6
            owner: CONST String type=kotlin.String value="java/lang/invoke/LambdaMetafactory"
            name: CONST String type=kotlin.String value="metafactory"
            descriptor: CONST String type=kotlin.String value="(Ljava/lang/invoke/MethodHandles$Lookup;Ljava/lang/String;Ljava/lang/invoke/MethodType;Ljava/lang/invoke/MethodType;Ljava/lang/invoke/MethodHandle;Ljava/lang/invoke/MethodType;)Ljava/lang/invoke/CallSite;"
            isInterface: CONST Boolean type=kotlin.Boolean value=false
          bootstrapMethodArguments: VARARG type=kotlin.Array<kotlin.Any> varargElementType=kotlin.Any
            CALL 'public final fun <jvm-original-method-type> (method: kotlin.Any): kotlin.Any declared in kotlin.jvm.internal' type=kotlin.Any origin=null
              method: RAW_FUNCTION_REFERENCE 'public abstract fun invoke (): R of kotlin.Function0 [operator] declared in kotlin.Function0' type=kotlin.Any
            RAW_FUNCTION_REFERENCE 'private final fun WishlistRoute$lambda$2 (): kotlin.Unit? declared in com.example.wishlistfeature.wishlist.WishlistRouteKt' type=kotlin.Any
            CALL 'public final fun <jvm-original-method-type> (method: kotlin.Any): kotlin.Any declared in kotlin.jvm.internal' type=kotlin.Any origin=null
              method: RAW_FUNCTION_REFERENCE 'public abstract fun invoke (): kotlin.Unit? [fake_override,operator] declared in kotlin.jvm.internal.invokeDynamic.<fake>' type=kotlin.Any
      onMovieClick: GET_VAR 'onMovieClick: kotlin.Function1<kotlin.Int, kotlin.Unit> declared in com.example.wishlistfeature.wishlist.WishlistRouteKt.WishlistRoute' type=kotlin.Function1<kotlin.Int, kotlin.Unit> origin=null
      deleteMovieFromWishlist: BLOCK type=kotlin.Function1<kotlin.Int, kotlin.Unit> origin=LAMBDA
        COMPOSITE type=kotlin.Unit origin=null
        CALL 'public final fun <jvm-indy> <T> (dynamicCall: T of kotlin.jvm.internal.<jvm-indy>, bootstrapMethodHandle: kotlin.Any, vararg bootstrapMethodArguments: kotlin.Any): T of kotlin.jvm.internal.<jvm-indy> declared in kotlin.jvm.internal' type=kotlin.Function1<kotlin.Int, kotlin.Unit> origin=null
          <T>: kotlin.Function1<kotlin.Int, kotlin.Unit>
          dynamicCall: CALL 'public final fun invoke (p0: com.example.wishlistfeature.wishlist.WishlistViewModel): kotlin.Function1<kotlin.Int, kotlin.Unit> declared in kotlin.jvm.internal.invokeDynamic' type=kotlin.Function1<kotlin.Int, kotlin.Unit> origin=null
            p0: GET_VAR 'viewModel: com.example.wishlistfeature.wishlist.WishlistViewModel declared in com.example.wishlistfeature.wishlist.WishlistRouteKt.WishlistRoute' type=com.example.wishlistfeature.wishlist.WishlistViewModel origin=null
          bootstrapMethodHandle: CALL 'public final fun <jvm-method-handle> (tag: kotlin.Int, owner: kotlin.String, name: kotlin.String, descriptor: kotlin.String, isInterface: kotlin.Boolean): kotlin.Any declared in kotlin.jvm.internal' type=kotlin.Any origin=null
            tag: CONST Int type=kotlin.Int value=6
            owner: CONST String type=kotlin.String value="java/lang/invoke/LambdaMetafactory"
            name: CONST String type=kotlin.String value="metafactory"
            descriptor: CONST String type=kotlin.String value="(Ljava/lang/invoke/MethodHandles$Lookup;Ljava/lang/String;Ljava/lang/invoke/MethodType;Ljava/lang/invoke/MethodType;Ljava/lang/invoke/MethodHandle;Ljava/lang/invoke/MethodType;)Ljava/lang/invoke/CallSite;"
            isInterface: CONST Boolean type=kotlin.Boolean value=false
          bootstrapMethodArguments: VARARG type=kotlin.Array<kotlin.Any> varargElementType=kotlin.Any
            CALL 'public final fun <jvm-original-method-type> (method: kotlin.Any): kotlin.Any declared in kotlin.jvm.internal' type=kotlin.Any origin=null
              method: RAW_FUNCTION_REFERENCE 'public abstract fun invoke (p1: P1 of kotlin.Function1): R of kotlin.Function1 [operator] declared in kotlin.Function1' type=kotlin.Any
            RAW_FUNCTION_REFERENCE 'private final fun WishlistRoute$lambda$3 ($viewModel: com.example.wishlistfeature.wishlist.WishlistViewModel, id: kotlin.Int): kotlin.Unit? declared in com.example.wishlistfeature.wishlist.WishlistRouteKt' type=kotlin.Any
            CALL 'public final fun <jvm-original-method-type> (method: kotlin.Any): kotlin.Any declared in kotlin.jvm.internal' type=kotlin.Any origin=null
              method: RAW_FUNCTION_REFERENCE 'public abstract fun invoke (p1: kotlin.Int?): kotlin.Unit? [fake_override,operator] declared in kotlin.jvm.internal.invokeDynamic.<fake>' type=kotlin.Any
      deleteTvShowFromWishlist: BLOCK type=kotlin.Function1<kotlin.Int, kotlin.Unit> origin=LAMBDA
        COMPOSITE type=kotlin.Unit origin=null
        CALL 'public final fun <jvm-indy> <T> (dynamicCall: T of kotlin.jvm.internal.<jvm-indy>, bootstrapMethodHandle: kotlin.Any, vararg bootstrapMethodArguments: kotlin.Any): T of kotlin.jvm.internal.<jvm-indy> declared in kotlin.jvm.internal' type=kotlin.Function1<kotlin.Int, kotlin.Unit> origin=null
          <T>: kotlin.Function1<kotlin.Int, kotlin.Unit>
          dynamicCall: CALL 'public final fun invoke (p0: com.example.wishlistfeature.wishlist.WishlistViewModel): kotlin.Function1<kotlin.Int, kotlin.Unit> declared in kotlin.jvm.internal.invokeDynamic' type=kotlin.Function1<kotlin.Int, kotlin.Unit> origin=null
            p0: GET_VAR 'viewModel: com.example.wishlistfeature.wishlist.WishlistViewModel declared in com.example.wishlistfeature.wishlist.WishlistRouteKt.WishlistRoute' type=com.example.wishlistfeature.wishlist.WishlistViewModel origin=null
          bootstrapMethodHandle: CALL 'public final fun <jvm-method-handle> (tag: kotlin.Int, owner: kotlin.String, name: kotlin.String, descriptor: kotlin.String, isInterface: kotlin.Boolean): kotlin.Any declared in kotlin.jvm.internal' type=kotlin.Any origin=null
            tag: CONST Int type=kotlin.Int value=6
            owner: CONST String type=kotlin.String value="java/lang/invoke/LambdaMetafactory"
            name: CONST String type=kotlin.String value="metafactory"
            descriptor: CONST String type=kotlin.String value="(Ljava/lang/invoke/MethodHandles$Lookup;Ljava/lang/String;Ljava/lang/invoke/MethodType;Ljava/lang/invoke/MethodType;Ljava/lang/invoke/MethodHandle;Ljava/lang/invoke/MethodType;)Ljava/lang/invoke/CallSite;"
            isInterface: CONST Boolean type=kotlin.Boolean value=false
          bootstrapMethodArguments: VARARG type=kotlin.Array<kotlin.Any> varargElementType=kotlin.Any
            CALL 'public final fun <jvm-original-method-type> (method: kotlin.Any): kotlin.Any declared in kotlin.jvm.internal' type=kotlin.Any origin=null
              method: RAW_FUNCTION_REFERENCE 'public abstract fun invoke (p1: P1 of kotlin.Function1): R of kotlin.Function1 [operator] declared in kotlin.Function1' type=kotlin.Any
            RAW_FUNCTION_REFERENCE 'private final fun WishlistRoute$lambda$4 ($viewModel: com.example.wishlistfeature.wishlist.WishlistViewModel, id: kotlin.Int): kotlin.Unit? declared in com.example.wishlistfeature.wishlist.WishlistRouteKt' type=kotlin.Any
            CALL 'public final fun <jvm-original-method-type> (method: kotlin.Any): kotlin.Any declared in kotlin.jvm.internal' type=kotlin.Any origin=null
              method: RAW_FUNCTION_REFERENCE 'public abstract fun invoke (p1: kotlin.Int?): kotlin.Unit? [fake_override,operator] declared in kotlin.jvm.internal.invokeDynamic.<fake>' type=kotlin.Any
      snackBarHostState: GET_VAR 'val snackBarHostState: androidx.compose.material3.SnackbarHostState [val] declared in com.example.wishlistfeature.wishlist.WishlistRouteKt.WishlistRoute' type=androidx.compose.material3.SnackbarHostState origin=null

	at org.jetbrains.kotlin.backend.jvm.codegen.FunctionCodegen.generate(FunctionCodegen.kt:47)
	at org.jetbrains.kotlin.backend.jvm.codegen.FunctionCodegen.generate$default(FunctionCodegen.kt:40)
	at org.jetbrains.kotlin.backend.jvm.codegen.ClassCodegen.generateMethodNode(ClassCodegen.kt:406)
	at org.jetbrains.kotlin.backend.jvm.codegen.ClassCodegen.generateMethod(ClassCodegen.kt:423)
	at org.jetbrains.kotlin.backend.jvm.codegen.ClassCodegen.generate(ClassCodegen.kt:168)
	at org.jetbrains.kotlin.backend.jvm.FileCodegen.lower(JvmPhases.kt:39)
	at org.jetbrains.kotlin.backend.common.phaser.PhaseFactoriesKt.createFilePhase$lambda$4(PhaseFactories.kt:71)
	at org.jetbrains.kotlin.backend.common.phaser.PhaseBuildersKt$createSimpleNamedCompilerPhase$1.phaseBody(PhaseBuilders.kt:69)
	at org.jetbrains.kotlin.backend.common.phaser.SimpleNamedCompilerPhase.phaseBody(CompilerPhase.kt:226)
	at org.jetbrains.kotlin.backend.common.phaser.AbstractNamedCompilerPhase.invoke(CompilerPhase.kt:113)
	at org.jetbrains.kotlin.backend.common.phaser.PerformByIrFilePhase.invokeSequential(performByIrFile.kt:62)
	... 43 more
Caused by: org.jetbrains.kotlin.codegen.CompilationException: Back-end (JVM) Internal error: Couldn't inline method call: CALL 'public final fun remember <T> (calculation: @[DisallowComposableCalls] kotlin.Function0<T of androidx.compose.runtime.ComposablesKt.remember>): T of androidx.compose.runtime.ComposablesKt.remember [inline] declared in androidx.compose.runtime.ComposablesKt' type=androidx.compose.material3.SnackbarHostState origin=null
Method: null
File is unknown
The root cause java.lang.IllegalStateException was thrown at: org.jetbrains.kotlin.codegen.inline.SourceCompilerForInlineKt.getMethodNode(SourceCompilerForInline.kt:118)
	at org.jetbrains.kotlin.codegen.inline.InlineCodegen.performInline(InlineCodegen.kt:65)
	at org.jetbrains.kotlin.backend.jvm.codegen.IrInlineCodegen.genInlineCall(IrInlineCodegen.kt:163)
	at org.jetbrains.kotlin.backend.jvm.codegen.IrInlineCallGenerator.genCall(IrInlineCallGenerator.kt:36)
	at org.jetbrains.kotlin.backend.jvm.codegen.ExpressionCodegen.visitCall(ExpressionCodegen.kt:653)
	at org.jetbrains.kotlin.backend.jvm.codegen.ExpressionCodegen.visitCall(ExpressionCodegen.kt:138)
	at org.jetbrains.kotlin.ir.expressions.IrCall.accept(IrCall.kt:24)
	at org.jetbrains.kotlin.backend.jvm.codegen.ExpressionCodegen.visitVariable(ExpressionCodegen.kt:790)
	at org.jetbrains.kotlin.backend.jvm.codegen.ExpressionCodegen.visitVariable(ExpressionCodegen.kt:138)
	at org.jetbrains.kotlin.ir.declarations.IrVariable.accept(IrVariable.kt:36)
	at org.jetbrains.kotlin.backend.jvm.codegen.ExpressionCodegen.visitStatementContainer(ExpressionCodegen.kt:579)
	at org.jetbrains.kotlin.backend.jvm.codegen.ExpressionCodegen.visitBlockBody(ExpressionCodegen.kt:584)
	at org.jetbrains.kotlin.backend.jvm.codegen.ExpressionCodegen.visitBlockBody(ExpressionCodegen.kt:138)
	at org.jetbrains.kotlin.ir.expressions.IrBlockBody.accept(IrBlockBody.kt:20)
	at org.jetbrains.kotlin.backend.jvm.codegen.ExpressionCodegen.generate(ExpressionCodegen.kt:240)
	at org.jetbrains.kotlin.backend.jvm.codegen.FunctionCodegen.doGenerate(FunctionCodegen.kt:123)
	at org.jetbrains.kotlin.backend.jvm.codegen.FunctionCodegen.generate(FunctionCodegen.kt:44)
	... 53 more
Caused by: java.lang.IllegalStateException: couldn't find inline method Landroidx/compose/runtime/ComposablesKt;.remember(Lkotlin/jvm/functions/Function0;)Ljava/lang/Object;
	at org.jetbrains.kotlin.codegen.inline.SourceCompilerForInlineKt.getMethodNode(SourceCompilerForInline.kt:118)
	at org.jetbrains.kotlin.codegen.inline.SourceCompilerForInlineKt.loadCompiledInlineFunction(SourceCompilerForInline.kt:96)
	at org.jetbrains.kotlin.backend.jvm.codegen.IrSourceCompilerForInline.compileInlineFunction(IrSourceCompilerForInline.kt:91)
	at org.jetbrains.kotlin.codegen.inline.InlineCodegen.compileInline(InlineCodegen.kt:43)
	at org.jetbrains.kotlin.codegen.inline.InlineCodegen.performInline(InlineCodegen.kt:51)
	... 68 more


